The initial bag is empty.
isEmpty: returns 1; should be 1 (true)
The bag contains 0 items:


Add 6 items to the bag: 
The bag contains 6 items:
five four one one three two 

isEmpty: returns 0; should be 0 (false)
getCurrentSize: returns 6; should be 6
Try to add another entry: add("extra") returns 1
contains("three"): returns 1; should be 1 (true)
contains("ten"): returns 0; should be 0 (false)
getFrequencyOf("one"): returns 2 should be 2
remove("one"): returns 1; should be 1 (true)
getFrequencyOf("one"): returns 1 should be 1
remove("one"): returns 1; should be 1 (true)
remove("one"): returns 0; should be 0 (false)

The bag contains 5 items:
extra five four three two 

After clearing the bag, isEmpty: returns 1; should be 1 (true)
All done!
